2023-08-06 08:36:23.794716 - Initialized conversion of CBT944
2023-08-06 08:36:24.468880 - Received CBT.V505.FILE944.PDS from FILE944.XMI 
2023-08-06 08:36:24.471287 - Found $$$#DATE.txt (text/plain) in CBT.V505.FILE944.PDS, moved to PDS/$$$#DATE
2023-08-06 08:36:24.472332 - Found @FILE944.txt (text/plain) in CBT.V505.FILE944.PDS, moved to PDS/@FILE944
2023-08-06 08:36:24.473368 - Found N001A00I.txt (text/plain) in CBT.V505.FILE944.PDS, moved to PDS/N001A00I
2023-08-06 08:36:24.474339 - Found N001A01.txt (text/plain) in CBT.V505.FILE944.PDS, moved to PDS/N001A01
2023-08-06 08:36:24.475222 - Found N001A02.txt (text/plain) in CBT.V505.FILE944.PDS, moved to PDS/N001A02
2023-08-06 08:36:24.476163 - Found N001A03.txt (text/plain) in CBT.V505.FILE944.PDS, moved to PDS/N001A03
2023-08-06 08:36:24.477049 - Found N001A04.txt (text/plain) in CBT.V505.FILE944.PDS, moved to PDS/N001A04
2023-08-06 08:36:24.477938 - Found N001A05.txt (text/plain) in CBT.V505.FILE944.PDS, moved to PDS/N001A05
2023-08-06 08:36:24.478939 - Found N001A06.txt (text/plain) in CBT.V505.FILE944.PDS, moved to PDS/N001A06
2023-08-06 08:36:24.479819 - Found N001A07.txt (text/plain) in CBT.V505.FILE944.PDS, moved to PDS/N001A07
2023-08-06 08:36:24.480764 - Found N001A08.txt (text/plain) in CBT.V505.FILE944.PDS, moved to PDS/N001A08
2023-08-06 08:36:24.481703 - Found N001A09.txt (text/plain) in CBT.V505.FILE944.PDS, moved to PDS/N001A09
2023-08-06 08:36:24.482555 - Found N001A10.txt (text/plain) in CBT.V505.FILE944.PDS, moved to PDS/N001A10
2023-08-06 08:36:24.483405 - Found N001A11.txt (text/plain) in CBT.V505.FILE944.PDS, moved to PDS/N001A11
2023-08-06 08:36:24.484304 - Found N001A12.txt (text/plain) in CBT.V505.FILE944.PDS, moved to PDS/N001A12
2023-08-06 08:36:24.485201 - Found N002A00I.txt (text/plain) in CBT.V505.FILE944.PDS, moved to PDS/N002A00I
2023-08-06 08:36:24.486124 - Found N002A01.txt (text/plain) in CBT.V505.FILE944.PDS, moved to PDS/N002A01
2023-08-06 08:36:24.487002 - Found N002A02.txt (text/plain) in CBT.V505.FILE944.PDS, moved to PDS/N002A02
2023-08-06 08:36:24.487907 - Found N002A03.txt (text/plain) in CBT.V505.FILE944.PDS, moved to PDS/N002A03
2023-08-06 08:36:24.488727 - Found N002A04.txt (text/plain) in CBT.V505.FILE944.PDS, moved to PDS/N002A04
2023-08-06 08:36:24.489625 - Found N002A05.txt (text/plain) in CBT.V505.FILE944.PDS, moved to PDS/N002A05
2023-08-06 08:36:24.490571 - Found N002A06.txt (text/plain) in CBT.V505.FILE944.PDS, moved to PDS/N002A06
2023-08-06 08:36:24.491429 - Found N002A07.txt (text/plain) in CBT.V505.FILE944.PDS, moved to PDS/N002A07
2023-08-06 08:36:24.492260 - Found N002A08.txt (text/plain) in CBT.V505.FILE944.PDS, moved to PDS/N002A08
2023-08-06 08:36:24.493072 - Found N002A09.txt (text/plain) in CBT.V505.FILE944.PDS, moved to PDS/N002A09
2023-08-06 08:36:24.493929 - Found N003A00I.txt (text/plain) in CBT.V505.FILE944.PDS, moved to PDS/N003A00I
2023-08-06 08:36:24.494822 - Found N003A01.txt (text/plain) in CBT.V505.FILE944.PDS, moved to PDS/N003A01
2023-08-06 08:36:24.495822 - Found N003A02.txt (text/plain) in CBT.V505.FILE944.PDS, moved to PDS/N003A02
2023-08-06 08:36:24.496692 - Found N003A03.txt (text/plain) in CBT.V505.FILE944.PDS, moved to PDS/N003A03
2023-08-06 08:36:24.497547 - Found N003A04.txt (text/plain) in CBT.V505.FILE944.PDS, moved to PDS/N003A04
2023-08-06 08:36:24.498504 - Found N003A05.txt (text/plain) in CBT.V505.FILE944.PDS, moved to PDS/N003A05
2023-08-06 08:36:24.499433 - Found N003A06.txt (text/plain) in CBT.V505.FILE944.PDS, moved to PDS/N003A06
2023-08-06 08:36:24.500350 - Found N003A07.txt (text/plain) in CBT.V505.FILE944.PDS, moved to PDS/N003A07
2023-08-06 08:36:24.500360 - Found N003A08.bin containing application/octet-stream, moved to PDS/N003A08
2023-08-06 08:36:24.502357 - Found N004A00I.txt (text/plain) in CBT.V505.FILE944.PDS, moved to PDS/N004A00I
2023-08-06 08:36:24.503262 - Found N004A01.txt (text/plain) in CBT.V505.FILE944.PDS, moved to PDS/N004A01
2023-08-06 08:36:24.504056 - Found N004A02.txt (text/plain) in CBT.V505.FILE944.PDS, moved to PDS/N004A02
2023-08-06 08:36:24.504863 - Found N004A03.txt (text/plain) in CBT.V505.FILE944.PDS, moved to PDS/N004A03
2023-08-06 08:36:24.505954 - Found N004A04.txt (text/plain) in CBT.V505.FILE944.PDS, moved to PDS/N004A04
2023-08-06 08:36:24.506913 - Found N004A05.txt (text/plain) in CBT.V505.FILE944.PDS, moved to PDS/N004A05
2023-08-06 08:36:24.507821 - Found N004A06.txt (text/plain) in CBT.V505.FILE944.PDS, moved to PDS/N004A06
2023-08-06 08:36:24.508623 - Found N004A07.txt (text/plain) in CBT.V505.FILE944.PDS, moved to PDS/N004A07
2023-08-06 08:36:24.509477 - Found N004A08.txt (text/plain) in CBT.V505.FILE944.PDS, moved to PDS/N004A08
2023-08-06 08:36:24.510415 - Found N005A00I.txt (text/plain) in CBT.V505.FILE944.PDS, moved to PDS/N005A00I
2023-08-06 08:36:24.511348 - Found N005A01.txt (text/plain) in CBT.V505.FILE944.PDS, moved to PDS/N005A01
2023-08-06 08:36:24.512143 - Found N005A02.txt (text/plain) in CBT.V505.FILE944.PDS, moved to PDS/N005A02
2023-08-06 08:36:24.512961 - Found N005A03.txt (text/plain) in CBT.V505.FILE944.PDS, moved to PDS/N005A03
2023-08-06 08:36:24.513814 - Found N005A04.txt (text/plain) in CBT.V505.FILE944.PDS, moved to PDS/N005A04
2023-08-06 08:36:24.514708 - Found N005A05.txt (text/plain) in CBT.V505.FILE944.PDS, moved to PDS/N005A05
2023-08-06 08:36:24.515565 - Found N005A06.txt (text/plain) in CBT.V505.FILE944.PDS, moved to PDS/N005A06
2023-08-06 08:36:24.516372 - Found N005A07.txt (text/plain) in CBT.V505.FILE944.PDS, moved to PDS/N005A07
2023-08-06 08:36:24.517247 - Found N005A08.txt (text/plain) in CBT.V505.FILE944.PDS, moved to PDS/N005A08
2023-08-06 08:36:24.518133 - Found N006A00I.txt (text/plain) in CBT.V505.FILE944.PDS, moved to PDS/N006A00I
2023-08-06 08:36:24.519111 - Found N006A01.txt (text/plain) in CBT.V505.FILE944.PDS, moved to PDS/N006A01
2023-08-06 08:36:24.520074 - Found N006A02.txt (text/plain) in CBT.V505.FILE944.PDS, moved to PDS/N006A02
2023-08-06 08:36:24.521089 - Found N006A03.txt (text/plain) in CBT.V505.FILE944.PDS, moved to PDS/N006A03
2023-08-06 08:36:24.522008 - Found N006A04.txt (text/plain) in CBT.V505.FILE944.PDS, moved to PDS/N006A04
2023-08-06 08:36:24.522962 - Found N006A05.txt (text/plain) in CBT.V505.FILE944.PDS, moved to PDS/N006A05
2023-08-06 08:36:24.523801 - Found N006A06.txt (text/plain) in CBT.V505.FILE944.PDS, moved to PDS/N006A06
2023-08-06 08:36:24.524620 - Found N006A07.txt (text/plain) in CBT.V505.FILE944.PDS, moved to PDS/N006A07
2023-08-06 08:36:24.525584 - Found N006A08.txt (text/plain) in CBT.V505.FILE944.PDS, moved to PDS/N006A08
2023-08-06 08:36:24.526541 - Found N007A00I.txt (text/plain) in CBT.V505.FILE944.PDS, moved to PDS/N007A00I
2023-08-06 08:36:24.527419 - Found N007A01.txt (text/plain) in CBT.V505.FILE944.PDS, moved to PDS/N007A01
2023-08-06 08:36:24.528253 - Found N007A02.txt (text/plain) in CBT.V505.FILE944.PDS, moved to PDS/N007A02
2023-08-06 08:36:24.529112 - Found N007A03.txt (text/plain) in CBT.V505.FILE944.PDS, moved to PDS/N007A03
2023-08-06 08:36:24.529967 - Found N007A04.txt (text/plain) in CBT.V505.FILE944.PDS, moved to PDS/N007A04
2023-08-06 08:36:24.530768 - Found N007A05.txt (text/plain) in CBT.V505.FILE944.PDS, moved to PDS/N007A05
2023-08-06 08:36:24.531708 - Found N007A06.txt (text/plain) in CBT.V505.FILE944.PDS, moved to PDS/N007A06
2023-08-06 08:36:24.532594 - Found N007A07.txt (text/plain) in CBT.V505.FILE944.PDS, moved to PDS/N007A07
2023-08-06 08:36:24.533539 - Found N007A08.txt (text/plain) in CBT.V505.FILE944.PDS, moved to PDS/N007A08
2023-08-06 08:36:24.534494 - Found N008A00I.txt (text/plain) in CBT.V505.FILE944.PDS, moved to PDS/N008A00I
2023-08-06 08:36:24.535363 - Found N008A01.txt (text/plain) in CBT.V505.FILE944.PDS, moved to PDS/N008A01
2023-08-06 08:36:24.536182 - Found N008A02.txt (text/plain) in CBT.V505.FILE944.PDS, moved to PDS/N008A02
2023-08-06 08:36:24.536989 - Found N008A03.txt (text/plain) in CBT.V505.FILE944.PDS, moved to PDS/N008A03
2023-08-06 08:36:24.537866 - Found N008A04.txt (text/plain) in CBT.V505.FILE944.PDS, moved to PDS/N008A04
2023-08-06 08:36:24.538818 - Found N008A05.txt (text/plain) in CBT.V505.FILE944.PDS, moved to PDS/N008A05
2023-08-06 08:36:24.539748 - Found N008A06.txt (text/plain) in CBT.V505.FILE944.PDS, moved to PDS/N008A06
2023-08-06 08:36:24.540670 - Found N008A07.txt (text/plain) in CBT.V505.FILE944.PDS, moved to PDS/N008A07
